<?xml version="1.0" encoding="UTF-8"?>
<!-- Generated by org.testng.reporters.JUnitXMLReporter -->
<testsuite ignored="0" hostname="CIN10145L" failures="1" tests="1" name="Surefire test" time="9.218" errors="0" timestamp="2024-09-21T15:05:07 IST">
  <testcase classname="com.yourcompany.YourSeleniumTest" name="testWithCookies" time="9.151">
    <failure type="java.lang.NullPointerException" message="Cannot invoke &amp;quot;java.util.Map.entrySet()&amp;quot; because &amp;quot;cookies&amp;quot; is null">
      <![CDATA[java.lang.NullPointerException: Cannot invoke "java.util.Map.entrySet()" because "cookies" is null
at com.yourcompany.YourSeleniumTest.testWithCookies(YourSeleniumTest.java:36)
at java.base/java.util.ArrayList.forEach(ArrayList.java:1511)
... Removed 32 stack frames]]>
    </failure>
  </testcase> <!-- testWithCookies -->
</testsuite> <!-- Surefire test -->
