-------------------------------------------------------------------------------
Test set: com.yourcompany.YourSeleniumTest
-------------------------------------------------------------------------------
Tests run: 1, Failures: 1, Errors: 0, Skipped: 0, Time elapsed: 10.081 s <<< FAILURE! - in com.yourcompany.YourSeleniumTest
testWithCookies(com.yourcompany.YourSeleniumTest)  Time elapsed: 9.163 s  <<< FAILURE!
java.lang.NullPointerException: Cannot invoke "java.util.Map.entrySet()" because "cookies" is null
	at com.yourcompany.YourSeleniumTest.testWithCookies(YourSeleniumTest.java:36)

