<?xml version="1.0" encoding="UTF-8"?>
<testng-results ignored="0" total="1" passed="1" failed="0" skipped="0">
  <reporter-output>
  </reporter-output>
  <suite started-at="2024-09-17T19:25:18 IST" name="Default suite" finished-at="2024-09-17T19:25:34 IST" duration-ms="15351">
    <groups>
    </groups>
    <test started-at="2024-09-17T19:25:18 IST" name="Default test" finished-at="2024-09-17T19:25:34 IST" duration-ms="15351">
      <class name="com.yourcompany.YourSeleniumTest">
        <test-method signature="setUp()[pri:0, instance:com.yourcompany.YourSeleniumTest@33990a0c]" started-at="2024-09-17T19:25:18 IST" name="setUp" finished-at="2024-09-17T19:25:34 IST" duration-ms="15331" status="PASS">
          <reporter-output>
          </reporter-output>
        </test-method> <!-- setUp -->
      </class> <!-- com.yourcompany.YourSeleniumTest -->
    </test> <!-- Default test -->
  </suite> <!-- Default suite -->
</testng-results>
